The target system is: Linux - 1 - armv7-a
The host system is: Darwin - 13.0.0 - i386
Determining if the include file pthread.h exists passed with the following output:
Change Dir: /Users/arvind/Clover/OpenCV4Clover/platforms/build_android_arm/CMakeFiles/CMakeTmp

Run Build Command:/usr/bin/make "cmTryCompileExec2432978323/fast"
/Applications/Xcode.app/Contents/Developer/usr/bin/make -f CMakeFiles/cmTryCompileExec2432978323.dir/build.make CMakeFiles/cmTryCompileExec2432978323.dir/build
/usr/local/Cellar/cmake/2.8.12.1/bin/cmake -E cmake_progress_report /Users/arvind/Clover/OpenCV4Clover/platforms/build_android_arm/CMakeFiles/CMakeTmp/CMakeFiles 1
Building C object CMakeFiles/cmTryCompileExec2432978323.dir/CheckIncludeFile.c.o
/Users/arvind/tools/android-ndk-r9/toolchains/arm-linux-androideabi-4.8/prebuilt/darwin-x86_64/bin/arm-linux-androideabi-gcc  -DANDROID -fexceptions -Wno-psabi --sysroot=/Users/arvind/tools/android-ndk-r9/platforms/android-8/arch-arm -fpic -funwind-tables -finline-limit=64 -fsigned-char -no-canonical-prefixes -march=armv7-a -mfloat-abi=softfp -mfpu=vfpv3-d16 -fdata-sections -ffunction-sections -Wa,--noexecstack    -fsigned-char -W -Wall -Werror=return-type -Werror=address -Werror=sequence-point -Wformat -Werror=format-security -Wmissing-declarations -Wmissing-prototypes -Wstrict-prototypes -Wundef -Winit-self -Wpointer-arith -Wshadow -Wno-narrowing -fdiagnostics-show-option -fomit-frame-pointer  -mthumb -fomit-frame-pointer -fno-strict-aliasing -O3 -DNDEBUG -isystem /Users/arvind/tools/android-ndk-r9/platforms/android-8/arch-arm/usr/include -isystem /Users/arvind/tools/android-ndk-r9/sources/cxx-stl/gnu-libstdc++/4.8/include -isystem /Users/arvind/tools/android-ndk-r9/sources/cxx-stl/gnu-libstdc++/4.8/libs/armeabi-v7a/include    -o CMakeFiles/cmTryCompileExec2432978323.dir/CheckIncludeFile.c.o   -c /Users/arvind/Clover/OpenCV4Clover/platforms/build_android_arm/CMakeFiles/CMakeTmp/CheckIncludeFile.c
Linking C executable cmTryCompileExec2432978323
/usr/local/Cellar/cmake/2.8.12.1/bin/cmake -E cmake_link_script CMakeFiles/cmTryCompileExec2432978323.dir/link.txt --verbose=1
/Users/arvind/tools/android-ndk-r9/toolchains/arm-linux-androideabi-4.8/prebuilt/darwin-x86_64/bin/arm-linux-androideabi-gcc  -fexceptions -Wno-psabi --sysroot=/Users/arvind/tools/android-ndk-r9/platforms/android-8/arch-arm -fpic -funwind-tables -finline-limit=64 -fsigned-char -no-canonical-prefixes -march=armv7-a -mfloat-abi=softfp -mfpu=vfpv3-d16 -fdata-sections -ffunction-sections -Wa,--noexecstack    -fsigned-char -W -Wall -Werror=return-type -Werror=address -Werror=sequence-point -Wformat -Werror=format-security -Wmissing-declarations -Wmissing-prototypes -Wstrict-prototypes -Wundef -Winit-self -Wpointer-arith -Wshadow -Wno-narrowing -fdiagnostics-show-option -fomit-frame-pointer  -mthumb -fomit-frame-pointer -fno-strict-aliasing -O3 -DNDEBUG   -Wl,--fix-cortex-a8 -Wl,--no-undefined -Wl,--gc-sections -Wl,-z,noexecstack -Wl,-z,relro -Wl,-z,now -Wl,-z,nocopyreloc CMakeFiles/cmTryCompileExec2432978323.dir/CheckIncludeFile.c.o -o cmTryCompileExec2432978323  -L/libs/armeabi-v7a -rdynamic  "/Users/arvind/tools/android-ndk-r9/sources/cxx-stl/gnu-libstdc++/4.8/libs/armeabi-v7a/libsupc++.a"


Determining if the include file assert.h exists passed with the following output:
Change Dir: /Users/arvind/Clover/OpenCV4Clover/platforms/build_android_arm/CMakeFiles/CMakeTmp

Run Build Command:/usr/bin/make "cmTryCompileExec2929119510/fast"
/Applications/Xcode.app/Contents/Developer/usr/bin/make -f CMakeFiles/cmTryCompileExec2929119510.dir/build.make CMakeFiles/cmTryCompileExec2929119510.dir/build
/usr/local/Cellar/cmake/2.8.12.1/bin/cmake -E cmake_progress_report /Users/arvind/Clover/OpenCV4Clover/platforms/build_android_arm/CMakeFiles/CMakeTmp/CMakeFiles 1
Building C object CMakeFiles/cmTryCompileExec2929119510.dir/CheckIncludeFile.c.o
/Users/arvind/tools/android-ndk-r9/toolchains/arm-linux-androideabi-4.8/prebuilt/darwin-x86_64/bin/arm-linux-androideabi-gcc  -DANDROID -fexceptions -Wno-psabi --sysroot=/Users/arvind/tools/android-ndk-r9/platforms/android-8/arch-arm -fpic -funwind-tables -finline-limit=64 -fsigned-char -no-canonical-prefixes -march=armv7-a -mfloat-abi=softfp -mfpu=vfpv3-d16 -fdata-sections -ffunction-sections -Wa,--noexecstack    -fsigned-char -W -Wall -Werror=return-type -Werror=address -Werror=sequence-point -Wformat -Werror=format-security -Wmissing-declarations -Wmissing-prototypes -Wstrict-prototypes -Wundef -Winit-self -Wpointer-arith -Wshadow -Wno-narrowing -fdiagnostics-show-option -fomit-frame-pointer  -mthumb -fomit-frame-pointer -fno-strict-aliasing -O3 -DNDEBUG -isystem /Users/arvind/tools/android-ndk-r9/platforms/android-8/arch-arm/usr/include -isystem /Users/arvind/tools/android-ndk-r9/sources/cxx-stl/gnu-libstdc++/4.8/include -isystem /Users/arvind/tools/android-ndk-r9/sources/cxx-stl/gnu-libstdc++/4.8/libs/armeabi-v7a/include    -o CMakeFiles/cmTryCompileExec2929119510.dir/CheckIncludeFile.c.o   -c /Users/arvind/Clover/OpenCV4Clover/platforms/build_android_arm/CMakeFiles/CMakeTmp/CheckIncludeFile.c
Linking C executable cmTryCompileExec2929119510
/usr/local/Cellar/cmake/2.8.12.1/bin/cmake -E cmake_link_script CMakeFiles/cmTryCompileExec2929119510.dir/link.txt --verbose=1
/Users/arvind/tools/android-ndk-r9/toolchains/arm-linux-androideabi-4.8/prebuilt/darwin-x86_64/bin/arm-linux-androideabi-gcc  -fexceptions -Wno-psabi --sysroot=/Users/arvind/tools/android-ndk-r9/platforms/android-8/arch-arm -fpic -funwind-tables -finline-limit=64 -fsigned-char -no-canonical-prefixes -march=armv7-a -mfloat-abi=softfp -mfpu=vfpv3-d16 -fdata-sections -ffunction-sections -Wa,--noexecstack    -fsigned-char -W -Wall -Werror=return-type -Werror=address -Werror=sequence-point -Wformat -Werror=format-security -Wmissing-declarations -Wmissing-prototypes -Wstrict-prototypes -Wundef -Winit-self -Wpointer-arith -Wshadow -Wno-narrowing -fdiagnostics-show-option -fomit-frame-pointer  -mthumb -fomit-frame-pointer -fno-strict-aliasing -O3 -DNDEBUG   -Wl,--fix-cortex-a8 -Wl,--no-undefined -Wl,--gc-sections -Wl,-z,noexecstack -Wl,-z,relro -Wl,-z,now -Wl,-z,nocopyreloc CMakeFiles/cmTryCompileExec2929119510.dir/CheckIncludeFile.c.o -o cmTryCompileExec2929119510  -L/libs/armeabi-v7a -rdynamic  "/Users/arvind/tools/android-ndk-r9/sources/cxx-stl/gnu-libstdc++/4.8/libs/armeabi-v7a/libsupc++.a"


Determining if the include file fcntl.h exists passed with the following output:
Change Dir: /Users/arvind/Clover/OpenCV4Clover/platforms/build_android_arm/CMakeFiles/CMakeTmp

Run Build Command:/usr/bin/make "cmTryCompileExec4268415532/fast"
/Applications/Xcode.app/Contents/Developer/usr/bin/make -f CMakeFiles/cmTryCompileExec4268415532.dir/build.make CMakeFiles/cmTryCompileExec4268415532.dir/build
/usr/local/Cellar/cmake/2.8.12.1/bin/cmake -E cmake_progress_report /Users/arvind/Clover/OpenCV4Clover/platforms/build_android_arm/CMakeFiles/CMakeTmp/CMakeFiles 1
Building C object CMakeFiles/cmTryCompileExec4268415532.dir/CheckIncludeFile.c.o
/Users/arvind/tools/android-ndk-r9/toolchains/arm-linux-androideabi-4.8/prebuilt/darwin-x86_64/bin/arm-linux-androideabi-gcc  -DANDROID -fexceptions -Wno-psabi --sysroot=/Users/arvind/tools/android-ndk-r9/platforms/android-8/arch-arm -fpic -funwind-tables -finline-limit=64 -fsigned-char -no-canonical-prefixes -march=armv7-a -mfloat-abi=softfp -mfpu=vfpv3-d16 -fdata-sections -ffunction-sections -Wa,--noexecstack    -fsigned-char -W -Wall -Werror=return-type -Werror=address -Werror=sequence-point -Wformat -Werror=format-security -Wmissing-declarations -Wmissing-prototypes -Wstrict-prototypes -Wundef -Winit-self -Wpointer-arith -Wshadow -Wno-narrowing -fdiagnostics-show-option -fomit-frame-pointer  -mthumb -fomit-frame-pointer -fno-strict-aliasing -O3 -DNDEBUG -isystem /Users/arvind/tools/android-ndk-r9/platforms/android-8/arch-arm/usr/include -isystem /Users/arvind/tools/android-ndk-r9/sources/cxx-stl/gnu-libstdc++/4.8/include -isystem /Users/arvind/tools/android-ndk-r9/sources/cxx-stl/gnu-libstdc++/4.8/libs/armeabi-v7a/include    -o CMakeFiles/cmTryCompileExec4268415532.dir/CheckIncludeFile.c.o   -c /Users/arvind/Clover/OpenCV4Clover/platforms/build_android_arm/CMakeFiles/CMakeTmp/CheckIncludeFile.c
Linking C executable cmTryCompileExec4268415532
/usr/local/Cellar/cmake/2.8.12.1/bin/cmake -E cmake_link_script CMakeFiles/cmTryCompileExec4268415532.dir/link.txt --verbose=1
/Users/arvind/tools/android-ndk-r9/toolchains/arm-linux-androideabi-4.8/prebuilt/darwin-x86_64/bin/arm-linux-androideabi-gcc  -fexceptions -Wno-psabi --sysroot=/Users/arvind/tools/android-ndk-r9/platforms/android-8/arch-arm -fpic -funwind-tables -finline-limit=64 -fsigned-char -no-canonical-prefixes -march=armv7-a -mfloat-abi=softfp -mfpu=vfpv3-d16 -fdata-sections -ffunction-sections -Wa,--noexecstack    -fsigned-char -W -Wall -Werror=return-type -Werror=address -Werror=sequence-point -Wformat -Werror=format-security -Wmissing-declarations -Wmissing-prototypes -Wstrict-prototypes -Wundef -Winit-self -Wpointer-arith -Wshadow -Wno-narrowing -fdiagnostics-show-option -fomit-frame-pointer  -mthumb -fomit-frame-pointer -fno-strict-aliasing -O3 -DNDEBUG   -Wl,--fix-cortex-a8 -Wl,--no-undefined -Wl,--gc-sections -Wl,-z,noexecstack -Wl,-z,relro -Wl,-z,now -Wl,-z,nocopyreloc CMakeFiles/cmTryCompileExec4268415532.dir/CheckIncludeFile.c.o -o cmTryCompileExec4268415532  -L/libs/armeabi-v7a -rdynamic  "/Users/arvind/tools/android-ndk-r9/sources/cxx-stl/gnu-libstdc++/4.8/libs/armeabi-v7a/libsupc++.a"


Determining if the function mmap exists passed with the following output:
Change Dir: /Users/arvind/Clover/OpenCV4Clover/platforms/build_android_arm/CMakeFiles/CMakeTmp

Run Build Command:/usr/bin/make "cmTryCompileExec2823948792/fast"
/Applications/Xcode.app/Contents/Developer/usr/bin/make -f CMakeFiles/cmTryCompileExec2823948792.dir/build.make CMakeFiles/cmTryCompileExec2823948792.dir/build
/usr/local/Cellar/cmake/2.8.12.1/bin/cmake -E cmake_progress_report /Users/arvind/Clover/OpenCV4Clover/platforms/build_android_arm/CMakeFiles/CMakeTmp/CMakeFiles 1
Building C object CMakeFiles/cmTryCompileExec2823948792.dir/CheckFunctionExists.c.o
/Users/arvind/tools/android-ndk-r9/toolchains/arm-linux-androideabi-4.8/prebuilt/darwin-x86_64/bin/arm-linux-androideabi-gcc  -DANDROID -fexceptions -Wno-psabi --sysroot=/Users/arvind/tools/android-ndk-r9/platforms/android-8/arch-arm -fpic -funwind-tables -finline-limit=64 -fsigned-char -no-canonical-prefixes -march=armv7-a -mfloat-abi=softfp -mfpu=vfpv3-d16 -fdata-sections -ffunction-sections -Wa,--noexecstack    -fsigned-char -W -Wall -Werror=return-type -Werror=address -Werror=sequence-point -Wformat -Werror=format-security -Wmissing-declarations -Wmissing-prototypes -Wstrict-prototypes -Wundef -Winit-self -Wpointer-arith -Wshadow -Wno-narrowing -fdiagnostics-show-option -fomit-frame-pointer -DCHECK_FUNCTION_EXISTS=mmap -mthumb -fomit-frame-pointer -fno-strict-aliasing -O3 -DNDEBUG -isystem /Users/arvind/tools/android-ndk-r9/platforms/android-8/arch-arm/usr/include -isystem /Users/arvind/tools/android-ndk-r9/sources/cxx-stl/gnu-libstdc++/4.8/include -isystem /Users/arvind/tools/android-ndk-r9/sources/cxx-stl/gnu-libstdc++/4.8/libs/armeabi-v7a/include    -o CMakeFiles/cmTryCompileExec2823948792.dir/CheckFunctionExists.c.o   -c /usr/local/Cellar/cmake/2.8.12.1/share/cmake/Modules/CheckFunctionExists.c
/usr/local/Cellar/cmake/2.8.12.1/share/cmake/Modules/CheckFunctionExists.c:3:1: warning: function declaration isn't a prototype [-Wstrict-prototypes]
 char CHECK_FUNCTION_EXISTS();
 ^
Linking C executable cmTryCompileExec2823948792
/usr/local/Cellar/cmake/2.8.12.1/bin/cmake -E cmake_link_script CMakeFiles/cmTryCompileExec2823948792.dir/link.txt --verbose=1
/Users/arvind/tools/android-ndk-r9/toolchains/arm-linux-androideabi-4.8/prebuilt/darwin-x86_64/bin/arm-linux-androideabi-gcc  -fexceptions -Wno-psabi --sysroot=/Users/arvind/tools/android-ndk-r9/platforms/android-8/arch-arm -fpic -funwind-tables -finline-limit=64 -fsigned-char -no-canonical-prefixes -march=armv7-a -mfloat-abi=softfp -mfpu=vfpv3-d16 -fdata-sections -ffunction-sections -Wa,--noexecstack    -fsigned-char -W -Wall -Werror=return-type -Werror=address -Werror=sequence-point -Wformat -Werror=format-security -Wmissing-declarations -Wmissing-prototypes -Wstrict-prototypes -Wundef -Winit-self -Wpointer-arith -Wshadow -Wno-narrowing -fdiagnostics-show-option -fomit-frame-pointer -DCHECK_FUNCTION_EXISTS=mmap -mthumb -fomit-frame-pointer -fno-strict-aliasing -O3 -DNDEBUG   -Wl,--fix-cortex-a8 -Wl,--no-undefined -Wl,--gc-sections -Wl,-z,noexecstack -Wl,-z,relro -Wl,-z,now -Wl,-z,nocopyreloc CMakeFiles/cmTryCompileExec2823948792.dir/CheckFunctionExists.c.o -o cmTryCompileExec2823948792  -L/libs/armeabi-v7a -rdynamic  "/Users/arvind/tools/android-ndk-r9/sources/cxx-stl/gnu-libstdc++/4.8/libs/armeabi-v7a/libsupc++.a"


Determining if the include file string.h exists passed with the following output:
Change Dir: /Users/arvind/Clover/OpenCV4Clover/platforms/build_android_arm/CMakeFiles/CMakeTmp

Run Build Command:/usr/bin/make "cmTryCompileExec1234072304/fast"
/Applications/Xcode.app/Contents/Developer/usr/bin/make -f CMakeFiles/cmTryCompileExec1234072304.dir/build.make CMakeFiles/cmTryCompileExec1234072304.dir/build
/usr/local/Cellar/cmake/2.8.12.1/bin/cmake -E cmake_progress_report /Users/arvind/Clover/OpenCV4Clover/platforms/build_android_arm/CMakeFiles/CMakeTmp/CMakeFiles 1
Building C object CMakeFiles/cmTryCompileExec1234072304.dir/CheckIncludeFile.c.o
/Users/arvind/tools/android-ndk-r9/toolchains/arm-linux-androideabi-4.8/prebuilt/darwin-x86_64/bin/arm-linux-androideabi-gcc  -DANDROID -fexceptions -Wno-psabi --sysroot=/Users/arvind/tools/android-ndk-r9/platforms/android-8/arch-arm -fpic -funwind-tables -finline-limit=64 -fsigned-char -no-canonical-prefixes -march=armv7-a -mfloat-abi=softfp -mfpu=vfpv3-d16 -fdata-sections -ffunction-sections -Wa,--noexecstack    -fsigned-char -W -Wall -Werror=return-type -Werror=address -Werror=sequence-point -Wformat -Werror=format-security -Wmissing-declarations -Wmissing-prototypes -Wstrict-prototypes -Wundef -Winit-self -Wpointer-arith -Wshadow -Wno-narrowing -fdiagnostics-show-option -fomit-frame-pointer  -mthumb -fomit-frame-pointer -fno-strict-aliasing -O3 -DNDEBUG -isystem /Users/arvind/tools/android-ndk-r9/platforms/android-8/arch-arm/usr/include -isystem /Users/arvind/tools/android-ndk-r9/sources/cxx-stl/gnu-libstdc++/4.8/include -isystem /Users/arvind/tools/android-ndk-r9/sources/cxx-stl/gnu-libstdc++/4.8/libs/armeabi-v7a/include    -o CMakeFiles/cmTryCompileExec1234072304.dir/CheckIncludeFile.c.o   -c /Users/arvind/Clover/OpenCV4Clover/platforms/build_android_arm/CMakeFiles/CMakeTmp/CheckIncludeFile.c
Linking C executable cmTryCompileExec1234072304
/usr/local/Cellar/cmake/2.8.12.1/bin/cmake -E cmake_link_script CMakeFiles/cmTryCompileExec1234072304.dir/link.txt --verbose=1
/Users/arvind/tools/android-ndk-r9/toolchains/arm-linux-androideabi-4.8/prebuilt/darwin-x86_64/bin/arm-linux-androideabi-gcc  -fexceptions -Wno-psabi --sysroot=/Users/arvind/tools/android-ndk-r9/platforms/android-8/arch-arm -fpic -funwind-tables -finline-limit=64 -fsigned-char -no-canonical-prefixes -march=armv7-a -mfloat-abi=softfp -mfpu=vfpv3-d16 -fdata-sections -ffunction-sections -Wa,--noexecstack    -fsigned-char -W -Wall -Werror=return-type -Werror=address -Werror=sequence-point -Wformat -Werror=format-security -Wmissing-declarations -Wmissing-prototypes -Wstrict-prototypes -Wundef -Winit-self -Wpointer-arith -Wshadow -Wno-narrowing -fdiagnostics-show-option -fomit-frame-pointer  -mthumb -fomit-frame-pointer -fno-strict-aliasing -O3 -DNDEBUG   -Wl,--fix-cortex-a8 -Wl,--no-undefined -Wl,--gc-sections -Wl,-z,noexecstack -Wl,-z,relro -Wl,-z,now -Wl,-z,nocopyreloc CMakeFiles/cmTryCompileExec1234072304.dir/CheckIncludeFile.c.o -o cmTryCompileExec1234072304  -L/libs/armeabi-v7a -rdynamic  "/Users/arvind/tools/android-ndk-r9/sources/cxx-stl/gnu-libstdc++/4.8/libs/armeabi-v7a/libsupc++.a"


Determining if the include file sys/types.h exists passed with the following output:
Change Dir: /Users/arvind/Clover/OpenCV4Clover/platforms/build_android_arm/CMakeFiles/CMakeTmp

Run Build Command:/usr/bin/make "cmTryCompileExec3147031469/fast"
/Applications/Xcode.app/Contents/Developer/usr/bin/make -f CMakeFiles/cmTryCompileExec3147031469.dir/build.make CMakeFiles/cmTryCompileExec3147031469.dir/build
/usr/local/Cellar/cmake/2.8.12.1/bin/cmake -E cmake_progress_report /Users/arvind/Clover/OpenCV4Clover/platforms/build_android_arm/CMakeFiles/CMakeTmp/CMakeFiles 1
Building C object CMakeFiles/cmTryCompileExec3147031469.dir/CheckIncludeFile.c.o
/Users/arvind/tools/android-ndk-r9/toolchains/arm-linux-androideabi-4.8/prebuilt/darwin-x86_64/bin/arm-linux-androideabi-gcc  -DANDROID -fexceptions -Wno-psabi --sysroot=/Users/arvind/tools/android-ndk-r9/platforms/android-8/arch-arm -fpic -funwind-tables -finline-limit=64 -fsigned-char -no-canonical-prefixes -march=armv7-a -mfloat-abi=softfp -mfpu=vfpv3-d16 -fdata-sections -ffunction-sections -Wa,--noexecstack    -fsigned-char -W -Wall -Werror=return-type -Werror=address -Werror=sequence-point -Wformat -Werror=format-security -Wmissing-declarations -Wmissing-prototypes -Wstrict-prototypes -Wundef -Winit-self -Wpointer-arith -Wshadow -Wno-narrowing -fdiagnostics-show-option -fomit-frame-pointer  -mthumb -fomit-frame-pointer -fno-strict-aliasing -O3 -DNDEBUG -isystem /Users/arvind/tools/android-ndk-r9/platforms/android-8/arch-arm/usr/include -isystem /Users/arvind/tools/android-ndk-r9/sources/cxx-stl/gnu-libstdc++/4.8/include -isystem /Users/arvind/tools/android-ndk-r9/sources/cxx-stl/gnu-libstdc++/4.8/libs/armeabi-v7a/include    -o CMakeFiles/cmTryCompileExec3147031469.dir/CheckIncludeFile.c.o   -c /Users/arvind/Clover/OpenCV4Clover/platforms/build_android_arm/CMakeFiles/CMakeTmp/CheckIncludeFile.c
Linking C executable cmTryCompileExec3147031469
/usr/local/Cellar/cmake/2.8.12.1/bin/cmake -E cmake_link_script CMakeFiles/cmTryCompileExec3147031469.dir/link.txt --verbose=1
/Users/arvind/tools/android-ndk-r9/toolchains/arm-linux-androideabi-4.8/prebuilt/darwin-x86_64/bin/arm-linux-androideabi-gcc  -fexceptions -Wno-psabi --sysroot=/Users/arvind/tools/android-ndk-r9/platforms/android-8/arch-arm -fpic -funwind-tables -finline-limit=64 -fsigned-char -no-canonical-prefixes -march=armv7-a -mfloat-abi=softfp -mfpu=vfpv3-d16 -fdata-sections -ffunction-sections -Wa,--noexecstack    -fsigned-char -W -Wall -Werror=return-type -Werror=address -Werror=sequence-point -Wformat -Werror=format-security -Wmissing-declarations -Wmissing-prototypes -Wstrict-prototypes -Wundef -Winit-self -Wpointer-arith -Wshadow -Wno-narrowing -fdiagnostics-show-option -fomit-frame-pointer  -mthumb -fomit-frame-pointer -fno-strict-aliasing -O3 -DNDEBUG   -Wl,--fix-cortex-a8 -Wl,--no-undefined -Wl,--gc-sections -Wl,-z,noexecstack -Wl,-z,relro -Wl,-z,now -Wl,-z,nocopyreloc CMakeFiles/cmTryCompileExec3147031469.dir/CheckIncludeFile.c.o -o cmTryCompileExec3147031469  -L/libs/armeabi-v7a -rdynamic  "/Users/arvind/tools/android-ndk-r9/sources/cxx-stl/gnu-libstdc++/4.8/libs/armeabi-v7a/libsupc++.a"


Determining if the include file unistd.h exists passed with the following output:
Change Dir: /Users/arvind/Clover/OpenCV4Clover/platforms/build_android_arm/CMakeFiles/CMakeTmp

Run Build Command:/usr/bin/make "cmTryCompileExec1568666689/fast"
/Applications/Xcode.app/Contents/Developer/usr/bin/make -f CMakeFiles/cmTryCompileExec1568666689.dir/build.make CMakeFiles/cmTryCompileExec1568666689.dir/build
/usr/local/Cellar/cmake/2.8.12.1/bin/cmake -E cmake_progress_report /Users/arvind/Clover/OpenCV4Clover/platforms/build_android_arm/CMakeFiles/CMakeTmp/CMakeFiles 1
Building C object CMakeFiles/cmTryCompileExec1568666689.dir/CheckIncludeFile.c.o
/Users/arvind/tools/android-ndk-r9/toolchains/arm-linux-androideabi-4.8/prebuilt/darwin-x86_64/bin/arm-linux-androideabi-gcc  -DANDROID -fexceptions -Wno-psabi --sysroot=/Users/arvind/tools/android-ndk-r9/platforms/android-8/arch-arm -fpic -funwind-tables -finline-limit=64 -fsigned-char -no-canonical-prefixes -march=armv7-a -mfloat-abi=softfp -mfpu=vfpv3-d16 -fdata-sections -ffunction-sections -Wa,--noexecstack    -fsigned-char -W -Wall -Werror=return-type -Werror=address -Werror=sequence-point -Wformat -Werror=format-security -Wmissing-declarations -Wmissing-prototypes -Wstrict-prototypes -Wundef -Winit-self -Wpointer-arith -Wshadow -Wno-narrowing -fdiagnostics-show-option -fomit-frame-pointer  -mthumb -fomit-frame-pointer -fno-strict-aliasing -O3 -DNDEBUG -isystem /Users/arvind/tools/android-ndk-r9/platforms/android-8/arch-arm/usr/include -isystem /Users/arvind/tools/android-ndk-r9/sources/cxx-stl/gnu-libstdc++/4.8/include -isystem /Users/arvind/tools/android-ndk-r9/sources/cxx-stl/gnu-libstdc++/4.8/libs/armeabi-v7a/include    -o CMakeFiles/cmTryCompileExec1568666689.dir/CheckIncludeFile.c.o   -c /Users/arvind/Clover/OpenCV4Clover/platforms/build_android_arm/CMakeFiles/CMakeTmp/CheckIncludeFile.c
Linking C executable cmTryCompileExec1568666689
/usr/local/Cellar/cmake/2.8.12.1/bin/cmake -E cmake_link_script CMakeFiles/cmTryCompileExec1568666689.dir/link.txt --verbose=1
/Users/arvind/tools/android-ndk-r9/toolchains/arm-linux-androideabi-4.8/prebuilt/darwin-x86_64/bin/arm-linux-androideabi-gcc  -fexceptions -Wno-psabi --sysroot=/Users/arvind/tools/android-ndk-r9/platforms/android-8/arch-arm -fpic -funwind-tables -finline-limit=64 -fsigned-char -no-canonical-prefixes -march=armv7-a -mfloat-abi=softfp -mfpu=vfpv3-d16 -fdata-sections -ffunction-sections -Wa,--noexecstack    -fsigned-char -W -Wall -Werror=return-type -Werror=address -Werror=sequence-point -Wformat -Werror=format-security -Wmissing-declarations -Wmissing-prototypes -Wstrict-prototypes -Wundef -Winit-self -Wpointer-arith -Wshadow -Wno-narrowing -fdiagnostics-show-option -fomit-frame-pointer  -mthumb -fomit-frame-pointer -fno-strict-aliasing -O3 -DNDEBUG   -Wl,--fix-cortex-a8 -Wl,--no-undefined -Wl,--gc-sections -Wl,-z,noexecstack -Wl,-z,relro -Wl,-z,now -Wl,-z,nocopyreloc CMakeFiles/cmTryCompileExec1568666689.dir/CheckIncludeFile.c.o -o cmTryCompileExec1568666689  -L/libs/armeabi-v7a -rdynamic  "/Users/arvind/tools/android-ndk-r9/sources/cxx-stl/gnu-libstdc++/4.8/libs/armeabi-v7a/libsupc++.a"


Determining if the include file semaphore.h exists passed with the following output:
Change Dir: /Users/arvind/Clover/OpenCV4Clover/platforms/build_android_arm/CMakeFiles/CMakeTmp

Run Build Command:/usr/bin/make "cmTryCompileExec2597096813/fast"
/Applications/Xcode.app/Contents/Developer/usr/bin/make -f CMakeFiles/cmTryCompileExec2597096813.dir/build.make CMakeFiles/cmTryCompileExec2597096813.dir/build
/usr/local/Cellar/cmake/2.8.12.1/bin/cmake -E cmake_progress_report /Users/arvind/Clover/OpenCV4Clover/platforms/build_android_arm/CMakeFiles/CMakeTmp/CMakeFiles 1
Building C object CMakeFiles/cmTryCompileExec2597096813.dir/CheckIncludeFile.c.o
/Users/arvind/tools/android-ndk-r9/toolchains/arm-linux-androideabi-4.8/prebuilt/darwin-x86_64/bin/arm-linux-androideabi-gcc  -DANDROID -fexceptions -Wno-psabi --sysroot=/Users/arvind/tools/android-ndk-r9/platforms/android-8/arch-arm -fpic -funwind-tables -finline-limit=64 -fsigned-char -no-canonical-prefixes -march=armv7-a -mfloat-abi=softfp -mfpu=vfpv3-d16 -fdata-sections -ffunction-sections -Wa,--noexecstack    -fsigned-char -W -Wall -Werror=return-type -Werror=address -Werror=sequence-point -Wformat -Werror=format-security -Wmissing-declarations -Wmissing-prototypes -Wstrict-prototypes -Wundef -Winit-self -Wpointer-arith -Wshadow -Wno-narrowing -fdiagnostics-show-option -fomit-frame-pointer  -mthumb -fomit-frame-pointer -fno-strict-aliasing -O3 -DNDEBUG -isystem /Users/arvind/tools/android-ndk-r9/platforms/android-8/arch-arm/usr/include -isystem /Users/arvind/tools/android-ndk-r9/sources/cxx-stl/gnu-libstdc++/4.8/include -isystem /Users/arvind/tools/android-ndk-r9/sources/cxx-stl/gnu-libstdc++/4.8/libs/armeabi-v7a/include    -o CMakeFiles/cmTryCompileExec2597096813.dir/CheckIncludeFile.c.o   -c /Users/arvind/Clover/OpenCV4Clover/platforms/build_android_arm/CMakeFiles/CMakeTmp/CheckIncludeFile.c
Linking C executable cmTryCompileExec2597096813
/usr/local/Cellar/cmake/2.8.12.1/bin/cmake -E cmake_link_script CMakeFiles/cmTryCompileExec2597096813.dir/link.txt --verbose=1
/Users/arvind/tools/android-ndk-r9/toolchains/arm-linux-androideabi-4.8/prebuilt/darwin-x86_64/bin/arm-linux-androideabi-gcc  -fexceptions -Wno-psabi --sysroot=/Users/arvind/tools/android-ndk-r9/platforms/android-8/arch-arm -fpic -funwind-tables -finline-limit=64 -fsigned-char -no-canonical-prefixes -march=armv7-a -mfloat-abi=softfp -mfpu=vfpv3-d16 -fdata-sections -ffunction-sections -Wa,--noexecstack    -fsigned-char -W -Wall -Werror=return-type -Werror=address -Werror=sequence-point -Wformat -Werror=format-security -Wmissing-declarations -Wmissing-prototypes -Wstrict-prototypes -Wundef -Winit-self -Wpointer-arith -Wshadow -Wno-narrowing -fdiagnostics-show-option -fomit-frame-pointer  -mthumb -fomit-frame-pointer -fno-strict-aliasing -O3 -DNDEBUG   -Wl,--fix-cortex-a8 -Wl,--no-undefined -Wl,--gc-sections -Wl,-z,noexecstack -Wl,-z,relro -Wl,-z,now -Wl,-z,nocopyreloc CMakeFiles/cmTryCompileExec2597096813.dir/CheckIncludeFile.c.o -o cmTryCompileExec2597096813  -L/libs/armeabi-v7a -rdynamic  "/Users/arvind/tools/android-ndk-r9/sources/cxx-stl/gnu-libstdc++/4.8/libs/armeabi-v7a/libsupc++.a"


