The system is: Darwin - 13.0.0 - i386
Compiling the CXX compiler identification source file "CMakeCXXCompilerId.cpp" succeeded.
Compiler: /usr/bin/c++ 
Build flags: 
Id flags: 

The output was:
0


Compilation of the CXX compiler identification source "CMakeCXXCompilerId.cpp" produced "a.out"

The CXX compiler identification is Clang, found in "/Users/arvind/Clover/OpenCV4Clover/build/CMakeFiles/2.8.12.1/CompilerIdCXX/a.out"

Compiling the C compiler identification source file "CMakeCCompilerId.c" succeeded.
Compiler: /usr/bin/cc 
Build flags: 
Id flags: 

The output was:
0


Compilation of the C compiler identification source "CMakeCCompilerId.c" produced "a.out"

The C compiler identification is Clang, found in "/Users/arvind/Clover/OpenCV4Clover/build/CMakeFiles/2.8.12.1/CompilerIdC/a.out"

Determining if the CXX compiler works passed with the following output:
Change Dir: /Users/arvind/Clover/OpenCV4Clover/build/CMakeFiles/CMakeTmp

Run Build Command:/usr/bin/make "cmTryCompileExec3574898413/fast"
/Applications/Xcode.app/Contents/Developer/usr/bin/make -f CMakeFiles/cmTryCompileExec3574898413.dir/build.make CMakeFiles/cmTryCompileExec3574898413.dir/build
/usr/local/Cellar/cmake/2.8.12.1/bin/cmake -E cmake_progress_report /Users/arvind/Clover/OpenCV4Clover/build/CMakeFiles/CMakeTmp/CMakeFiles 1
Building CXX object CMakeFiles/cmTryCompileExec3574898413.dir/testCXXCompiler.cxx.o
/usr/bin/c++     -o CMakeFiles/cmTryCompileExec3574898413.dir/testCXXCompiler.cxx.o -c /Users/arvind/Clover/OpenCV4Clover/build/CMakeFiles/CMakeTmp/testCXXCompiler.cxx
Linking CXX executable cmTryCompileExec3574898413
/usr/local/Cellar/cmake/2.8.12.1/bin/cmake -E cmake_link_script CMakeFiles/cmTryCompileExec3574898413.dir/link.txt --verbose=1
/usr/bin/c++     -Wl,-search_paths_first -Wl,-headerpad_max_install_names   CMakeFiles/cmTryCompileExec3574898413.dir/testCXXCompiler.cxx.o  -o cmTryCompileExec3574898413  


Detecting CXX compiler ABI info compiled with the following output:
Change Dir: /Users/arvind/Clover/OpenCV4Clover/build/CMakeFiles/CMakeTmp

Run Build Command:/usr/bin/make "cmTryCompileExec325086922/fast"
/Applications/Xcode.app/Contents/Developer/usr/bin/make -f CMakeFiles/cmTryCompileExec325086922.dir/build.make CMakeFiles/cmTryCompileExec325086922.dir/build
/usr/local/Cellar/cmake/2.8.12.1/bin/cmake -E cmake_progress_report /Users/arvind/Clover/OpenCV4Clover/build/CMakeFiles/CMakeTmp/CMakeFiles 1
Building CXX object CMakeFiles/cmTryCompileExec325086922.dir/CMakeCXXCompilerABI.cpp.o
/usr/bin/c++     -o CMakeFiles/cmTryCompileExec325086922.dir/CMakeCXXCompilerABI.cpp.o -c /usr/local/Cellar/cmake/2.8.12.1/share/cmake/Modules/CMakeCXXCompilerABI.cpp
Linking CXX executable cmTryCompileExec325086922
/usr/local/Cellar/cmake/2.8.12.1/bin/cmake -E cmake_link_script CMakeFiles/cmTryCompileExec325086922.dir/link.txt --verbose=1
/usr/bin/c++     -Wl,-search_paths_first -Wl,-headerpad_max_install_names -v -Wl,-v CMakeFiles/cmTryCompileExec325086922.dir/CMakeCXXCompilerABI.cpp.o  -o cmTryCompileExec325086922   
Apple LLVM version 5.0 (clang-500.2.79) (based on LLVM 3.3svn)
Target: x86_64-apple-darwin13.0.0
Thread model: posix
 "/Applications/Xcode.app/Contents/Developer/Toolchains/XcodeDefault.xctoolchain/usr/bin/ld" -demangle -dynamic -arch x86_64 -macosx_version_min 10.9.0 -o cmTryCompileExec325086922 -search_paths_first -headerpad_max_install_names -v CMakeFiles/cmTryCompileExec325086922.dir/CMakeCXXCompilerABI.cpp.o -lc++ -lSystem /Applications/Xcode.app/Contents/Developer/Toolchains/XcodeDefault.xctoolchain/usr/bin/../lib/clang/5.0/lib/darwin/libclang_rt.osx.a
@(#)PROGRAM:ld  PROJECT:ld64-224.1
configured to support archs: armv6 armv7 armv7s arm64 i386 x86_64 armv6m armv7m armv7em
Library search paths:
	/usr/lib
	/usr/local/lib
Framework search paths:
	/Library/Frameworks/
	/System/Library/Frameworks/


Parsed CXX implicit link information from above output:
  link line regex: [^( *|.*[/\])(ld|([^/\]+-)?ld|collect2)[^/\]*( |$)]
  ignore line: [Change Dir: /Users/arvind/Clover/OpenCV4Clover/build/CMakeFiles/CMakeTmp]
  ignore line: []
  ignore line: [Run Build Command:/usr/bin/make "cmTryCompileExec325086922/fast"]
  ignore line: [/Applications/Xcode.app/Contents/Developer/usr/bin/make -f CMakeFiles/cmTryCompileExec325086922.dir/build.make CMakeFiles/cmTryCompileExec325086922.dir/build]
  ignore line: [/usr/local/Cellar/cmake/2.8.12.1/bin/cmake -E cmake_progress_report /Users/arvind/Clover/OpenCV4Clover/build/CMakeFiles/CMakeTmp/CMakeFiles 1]
  ignore line: [Building CXX object CMakeFiles/cmTryCompileExec325086922.dir/CMakeCXXCompilerABI.cpp.o]
  ignore line: [/usr/bin/c++     -o CMakeFiles/cmTryCompileExec325086922.dir/CMakeCXXCompilerABI.cpp.o -c /usr/local/Cellar/cmake/2.8.12.1/share/cmake/Modules/CMakeCXXCompilerABI.cpp]
  ignore line: [Linking CXX executable cmTryCompileExec325086922]
  ignore line: [/usr/local/Cellar/cmake/2.8.12.1/bin/cmake -E cmake_link_script CMakeFiles/cmTryCompileExec325086922.dir/link.txt --verbose=1]
  ignore line: [/usr/bin/c++     -Wl,-search_paths_first -Wl,-headerpad_max_install_names -v -Wl,-v CMakeFiles/cmTryCompileExec325086922.dir/CMakeCXXCompilerABI.cpp.o  -o cmTryCompileExec325086922   ]
  ignore line: [Apple LLVM version 5.0 (clang-500.2.79) (based on LLVM 3.3svn)]
  ignore line: [Target: x86_64-apple-darwin13.0.0]
  ignore line: [Thread model: posix]
  link line: [ "/Applications/Xcode.app/Contents/Developer/Toolchains/XcodeDefault.xctoolchain/usr/bin/ld" -demangle -dynamic -arch x86_64 -macosx_version_min 10.9.0 -o cmTryCompileExec325086922 -search_paths_first -headerpad_max_install_names -v CMakeFiles/cmTryCompileExec325086922.dir/CMakeCXXCompilerABI.cpp.o -lc++ -lSystem /Applications/Xcode.app/Contents/Developer/Toolchains/XcodeDefault.xctoolchain/usr/bin/../lib/clang/5.0/lib/darwin/libclang_rt.osx.a]
    arg [/Applications/Xcode.app/Contents/Developer/Toolchains/XcodeDefault.xctoolchain/usr/bin/ld] ==> ignore
    arg [-demangle] ==> ignore
    arg [-dynamic] ==> ignore
    arg [-arch] ==> ignore
    arg [x86_64] ==> ignore
    arg [-macosx_version_min] ==> ignore
    arg [10.9.0] ==> ignore
    arg [-o] ==> ignore
    arg [cmTryCompileExec325086922] ==> ignore
    arg [-search_paths_first] ==> ignore
    arg [-headerpad_max_install_names] ==> ignore
    arg [-v] ==> ignore
    arg [CMakeFiles/cmTryCompileExec325086922.dir/CMakeCXXCompilerABI.cpp.o] ==> ignore
    arg [-lc++] ==> lib [c++]
    arg [-lSystem] ==> lib [System]
    arg [/Applications/Xcode.app/Contents/Developer/Toolchains/XcodeDefault.xctoolchain/usr/bin/../lib/clang/5.0/lib/darwin/libclang_rt.osx.a] ==> lib [/Applications/Xcode.app/Contents/Developer/Toolchains/XcodeDefault.xctoolchain/usr/bin/../lib/clang/5.0/lib/darwin/libclang_rt.osx.a]
  Library search paths: [;/usr/lib;/usr/local/lib]
  Framework search paths: [;/Library/Frameworks/;/System/Library/Frameworks/]
  remove lib [System]
  collapse lib [/Applications/Xcode.app/Contents/Developer/Toolchains/XcodeDefault.xctoolchain/usr/bin/../lib/clang/5.0/lib/darwin/libclang_rt.osx.a] ==> [/Applications/Xcode.app/Contents/Developer/Toolchains/XcodeDefault.xctoolchain/usr/lib/clang/5.0/lib/darwin/libclang_rt.osx.a]
  collapse library dir [/usr/lib] ==> [/usr/lib]
  collapse library dir [/usr/local/lib] ==> [/usr/local/lib]
  collapse framework dir [/Library/Frameworks/] ==> [/Library/Frameworks]
  collapse framework dir [/System/Library/Frameworks/] ==> [/System/Library/Frameworks]
  implicit libs: [c++;/Applications/Xcode.app/Contents/Developer/Toolchains/XcodeDefault.xctoolchain/usr/lib/clang/5.0/lib/darwin/libclang_rt.osx.a]
  implicit dirs: [/usr/lib;/usr/local/lib]
  implicit fwks: [/Library/Frameworks;/System/Library/Frameworks]


Determining if the C compiler works passed with the following output:
Change Dir: /Users/arvind/Clover/OpenCV4Clover/build/CMakeFiles/CMakeTmp

Run Build Command:/usr/bin/make "cmTryCompileExec2481596920/fast"
/Applications/Xcode.app/Contents/Developer/usr/bin/make -f CMakeFiles/cmTryCompileExec2481596920.dir/build.make CMakeFiles/cmTryCompileExec2481596920.dir/build
/usr/local/Cellar/cmake/2.8.12.1/bin/cmake -E cmake_progress_report /Users/arvind/Clover/OpenCV4Clover/build/CMakeFiles/CMakeTmp/CMakeFiles 1
Building C object CMakeFiles/cmTryCompileExec2481596920.dir/testCCompiler.c.o
/usr/bin/cc    -o CMakeFiles/cmTryCompileExec2481596920.dir/testCCompiler.c.o   -c /Users/arvind/Clover/OpenCV4Clover/build/CMakeFiles/CMakeTmp/testCCompiler.c
Linking C executable cmTryCompileExec2481596920
/usr/local/Cellar/cmake/2.8.12.1/bin/cmake -E cmake_link_script CMakeFiles/cmTryCompileExec2481596920.dir/link.txt --verbose=1
/usr/bin/cc    -Wl,-search_paths_first -Wl,-headerpad_max_install_names   CMakeFiles/cmTryCompileExec2481596920.dir/testCCompiler.c.o  -o cmTryCompileExec2481596920  


Detecting C compiler ABI info compiled with the following output:
Change Dir: /Users/arvind/Clover/OpenCV4Clover/build/CMakeFiles/CMakeTmp

Run Build Command:/usr/bin/make "cmTryCompileExec838749526/fast"
/Applications/Xcode.app/Contents/Developer/usr/bin/make -f CMakeFiles/cmTryCompileExec838749526.dir/build.make CMakeFiles/cmTryCompileExec838749526.dir/build
/usr/local/Cellar/cmake/2.8.12.1/bin/cmake -E cmake_progress_report /Users/arvind/Clover/OpenCV4Clover/build/CMakeFiles/CMakeTmp/CMakeFiles 1
Building C object CMakeFiles/cmTryCompileExec838749526.dir/CMakeCCompilerABI.c.o
/usr/bin/cc    -o CMakeFiles/cmTryCompileExec838749526.dir/CMakeCCompilerABI.c.o   -c /usr/local/Cellar/cmake/2.8.12.1/share/cmake/Modules/CMakeCCompilerABI.c
Linking C executable cmTryCompileExec838749526
/usr/local/Cellar/cmake/2.8.12.1/bin/cmake -E cmake_link_script CMakeFiles/cmTryCompileExec838749526.dir/link.txt --verbose=1
/usr/bin/cc    -Wl,-search_paths_first -Wl,-headerpad_max_install_names -v -Wl,-v CMakeFiles/cmTryCompileExec838749526.dir/CMakeCCompilerABI.c.o  -o cmTryCompileExec838749526   
Apple LLVM version 5.0 (clang-500.2.79) (based on LLVM 3.3svn)
Target: x86_64-apple-darwin13.0.0
Thread model: posix
 "/Applications/Xcode.app/Contents/Developer/Toolchains/XcodeDefault.xctoolchain/usr/bin/ld" -demangle -dynamic -arch x86_64 -macosx_version_min 10.9.0 -o cmTryCompileExec838749526 -search_paths_first -headerpad_max_install_names -v CMakeFiles/cmTryCompileExec838749526.dir/CMakeCCompilerABI.c.o -lSystem /Applications/Xcode.app/Contents/Developer/Toolchains/XcodeDefault.xctoolchain/usr/bin/../lib/clang/5.0/lib/darwin/libclang_rt.osx.a
@(#)PROGRAM:ld  PROJECT:ld64-224.1
configured to support archs: armv6 armv7 armv7s arm64 i386 x86_64 armv6m armv7m armv7em
Library search paths:
	/usr/lib
	/usr/local/lib
Framework search paths:
	/Library/Frameworks/
	/System/Library/Frameworks/


Parsed C implicit link information from above output:
  link line regex: [^( *|.*[/\])(ld|([^/\]+-)?ld|collect2)[^/\]*( |$)]
  ignore line: [Change Dir: /Users/arvind/Clover/OpenCV4Clover/build/CMakeFiles/CMakeTmp]
  ignore line: []
  ignore line: [Run Build Command:/usr/bin/make "cmTryCompileExec838749526/fast"]
  ignore line: [/Applications/Xcode.app/Contents/Developer/usr/bin/make -f CMakeFiles/cmTryCompileExec838749526.dir/build.make CMakeFiles/cmTryCompileExec838749526.dir/build]
  ignore line: [/usr/local/Cellar/cmake/2.8.12.1/bin/cmake -E cmake_progress_report /Users/arvind/Clover/OpenCV4Clover/build/CMakeFiles/CMakeTmp/CMakeFiles 1]
  ignore line: [Building C object CMakeFiles/cmTryCompileExec838749526.dir/CMakeCCompilerABI.c.o]
  ignore line: [/usr/bin/cc    -o CMakeFiles/cmTryCompileExec838749526.dir/CMakeCCompilerABI.c.o   -c /usr/local/Cellar/cmake/2.8.12.1/share/cmake/Modules/CMakeCCompilerABI.c]
  ignore line: [Linking C executable cmTryCompileExec838749526]
  ignore line: [/usr/local/Cellar/cmake/2.8.12.1/bin/cmake -E cmake_link_script CMakeFiles/cmTryCompileExec838749526.dir/link.txt --verbose=1]
  ignore line: [/usr/bin/cc    -Wl,-search_paths_first -Wl,-headerpad_max_install_names -v -Wl,-v CMakeFiles/cmTryCompileExec838749526.dir/CMakeCCompilerABI.c.o  -o cmTryCompileExec838749526   ]
  ignore line: [Apple LLVM version 5.0 (clang-500.2.79) (based on LLVM 3.3svn)]
  ignore line: [Target: x86_64-apple-darwin13.0.0]
  ignore line: [Thread model: posix]
  link line: [ "/Applications/Xcode.app/Contents/Developer/Toolchains/XcodeDefault.xctoolchain/usr/bin/ld" -demangle -dynamic -arch x86_64 -macosx_version_min 10.9.0 -o cmTryCompileExec838749526 -search_paths_first -headerpad_max_install_names -v CMakeFiles/cmTryCompileExec838749526.dir/CMakeCCompilerABI.c.o -lSystem /Applications/Xcode.app/Contents/Developer/Toolchains/XcodeDefault.xctoolchain/usr/bin/../lib/clang/5.0/lib/darwin/libclang_rt.osx.a]
    arg [/Applications/Xcode.app/Contents/Developer/Toolchains/XcodeDefault.xctoolchain/usr/bin/ld] ==> ignore
    arg [-demangle] ==> ignore
    arg [-dynamic] ==> ignore
    arg [-arch] ==> ignore
    arg [x86_64] ==> ignore
    arg [-macosx_version_min] ==> ignore
    arg [10.9.0] ==> ignore
    arg [-o] ==> ignore
    arg [cmTryCompileExec838749526] ==> ignore
    arg [-search_paths_first] ==> ignore
    arg [-headerpad_max_install_names] ==> ignore
    arg [-v] ==> ignore
    arg [CMakeFiles/cmTryCompileExec838749526.dir/CMakeCCompilerABI.c.o] ==> ignore
    arg [-lSystem] ==> lib [System]
    arg [/Applications/Xcode.app/Contents/Developer/Toolchains/XcodeDefault.xctoolchain/usr/bin/../lib/clang/5.0/lib/darwin/libclang_rt.osx.a] ==> lib [/Applications/Xcode.app/Contents/Developer/Toolchains/XcodeDefault.xctoolchain/usr/bin/../lib/clang/5.0/lib/darwin/libclang_rt.osx.a]
  Library search paths: [;/usr/lib;/usr/local/lib]
  Framework search paths: [;/Library/Frameworks/;/System/Library/Frameworks/]
  remove lib [System]
  collapse lib [/Applications/Xcode.app/Contents/Developer/Toolchains/XcodeDefault.xctoolchain/usr/bin/../lib/clang/5.0/lib/darwin/libclang_rt.osx.a] ==> [/Applications/Xcode.app/Contents/Developer/Toolchains/XcodeDefault.xctoolchain/usr/lib/clang/5.0/lib/darwin/libclang_rt.osx.a]
  collapse library dir [/usr/lib] ==> [/usr/lib]
  collapse library dir [/usr/local/lib] ==> [/usr/local/lib]
  collapse framework dir [/Library/Frameworks/] ==> [/Library/Frameworks]
  collapse framework dir [/System/Library/Frameworks/] ==> [/System/Library/Frameworks]
  implicit libs: [/Applications/Xcode.app/Contents/Developer/Toolchains/XcodeDefault.xctoolchain/usr/lib/clang/5.0/lib/darwin/libclang_rt.osx.a]
  implicit dirs: [/usr/lib;/usr/local/lib]
  implicit fwks: [/Library/Frameworks;/System/Library/Frameworks]


Determining if the function fseeko exists passed with the following output:
Change Dir: /Users/arvind/Clover/OpenCV4Clover/build/CMakeFiles/CMakeTmp

Run Build Command:/usr/bin/make "cmTryCompileExec2001706690/fast"
/Applications/Xcode.app/Contents/Developer/usr/bin/make -f CMakeFiles/cmTryCompileExec2001706690.dir/build.make CMakeFiles/cmTryCompileExec2001706690.dir/build
/usr/local/Cellar/cmake/2.8.12.1/bin/cmake -E cmake_progress_report /Users/arvind/Clover/OpenCV4Clover/build/CMakeFiles/CMakeTmp/CMakeFiles 1
Building C object CMakeFiles/cmTryCompileExec2001706690.dir/CheckFunctionExists.c.o
/usr/bin/cc   -fsigned-char -W -Werror=return-type -Werror=address -Werror=sequence-point -Wformat -Werror=format-security -Wmissing-declarations -Wmissing-prototypes -Wstrict-prototypes -Wundef -Winit-self -Wpointer-arith -Wshadow -Wsign-promo -Wno-narrowing -Wno-delete-non-virtual-dtor -Wno-unnamed-type-template-args -fdiagnostics-show-option -fno-omit-frame-pointer -msse -msse2 -msse3 -DCHECK_FUNCTION_EXISTS=fseeko -O3 -DNDEBUG   -o CMakeFiles/cmTryCompileExec2001706690.dir/CheckFunctionExists.c.o   -c /usr/local/Cellar/cmake/2.8.12.1/share/cmake/Modules/CheckFunctionExists.c
Linking C executable cmTryCompileExec2001706690
/usr/local/Cellar/cmake/2.8.12.1/bin/cmake -E cmake_link_script CMakeFiles/cmTryCompileExec2001706690.dir/link.txt --verbose=1
/usr/bin/cc     -fsigned-char -W -Werror=return-type -Werror=address -Werror=sequence-point -Wformat -Werror=format-security -Wmissing-declarations -Wmissing-prototypes -Wstrict-prototypes -Wundef -Winit-self -Wpointer-arith -Wshadow -Wsign-promo -Wno-narrowing -Wno-delete-non-virtual-dtor -Wno-unnamed-type-template-args -fdiagnostics-show-option -fno-omit-frame-pointer -msse -msse2 -msse3 -DCHECK_FUNCTION_EXISTS=fseeko -O3 -DNDEBUG -Wl,-search_paths_first -Wl,-headerpad_max_install_names   CMakeFiles/cmTryCompileExec2001706690.dir/CheckFunctionExists.c.o  -o cmTryCompileExec2001706690  


Determining if the include file unistd.h exists passed with the following output:
Change Dir: /Users/arvind/Clover/OpenCV4Clover/build/CMakeFiles/CMakeTmp

Run Build Command:/usr/bin/make "cmTryCompileExec1555806793/fast"
/Applications/Xcode.app/Contents/Developer/usr/bin/make -f CMakeFiles/cmTryCompileExec1555806793.dir/build.make CMakeFiles/cmTryCompileExec1555806793.dir/build
/usr/local/Cellar/cmake/2.8.12.1/bin/cmake -E cmake_progress_report /Users/arvind/Clover/OpenCV4Clover/build/CMakeFiles/CMakeTmp/CMakeFiles 1
Building C object CMakeFiles/cmTryCompileExec1555806793.dir/CheckIncludeFile.c.o
/usr/bin/cc   -fsigned-char -W -Werror=return-type -Werror=address -Werror=sequence-point -Wformat -Werror=format-security -Wmissing-declarations -Wmissing-prototypes -Wstrict-prototypes -Wundef -Winit-self -Wpointer-arith -Wshadow -Wsign-promo -Wno-narrowing -Wno-delete-non-virtual-dtor -Wno-unnamed-type-template-args -fdiagnostics-show-option -fno-omit-frame-pointer -msse -msse2 -msse3  -O3 -DNDEBUG   -o CMakeFiles/cmTryCompileExec1555806793.dir/CheckIncludeFile.c.o   -c /Users/arvind/Clover/OpenCV4Clover/build/CMakeFiles/CMakeTmp/CheckIncludeFile.c
Linking C executable cmTryCompileExec1555806793
/usr/local/Cellar/cmake/2.8.12.1/bin/cmake -E cmake_link_script CMakeFiles/cmTryCompileExec1555806793.dir/link.txt --verbose=1
/usr/bin/cc     -fsigned-char -W -Werror=return-type -Werror=address -Werror=sequence-point -Wformat -Werror=format-security -Wmissing-declarations -Wmissing-prototypes -Wstrict-prototypes -Wundef -Winit-self -Wpointer-arith -Wshadow -Wsign-promo -Wno-narrowing -Wno-delete-non-virtual-dtor -Wno-unnamed-type-template-args -fdiagnostics-show-option -fno-omit-frame-pointer -msse -msse2 -msse3  -O3 -DNDEBUG -Wl,-search_paths_first -Wl,-headerpad_max_install_names   CMakeFiles/cmTryCompileExec1555806793.dir/CheckIncludeFile.c.o  -o cmTryCompileExec1555806793  


Determining if the include file sys/types.h exists passed with the following output:
Change Dir: /Users/arvind/Clover/OpenCV4Clover/build/CMakeFiles/CMakeTmp

Run Build Command:/usr/bin/make "cmTryCompileExec1619698315/fast"
/Applications/Xcode.app/Contents/Developer/usr/bin/make -f CMakeFiles/cmTryCompileExec1619698315.dir/build.make CMakeFiles/cmTryCompileExec1619698315.dir/build
/usr/local/Cellar/cmake/2.8.12.1/bin/cmake -E cmake_progress_report /Users/arvind/Clover/OpenCV4Clover/build/CMakeFiles/CMakeTmp/CMakeFiles 1
Building C object CMakeFiles/cmTryCompileExec1619698315.dir/CheckIncludeFile.c.o
/usr/bin/cc   -fsigned-char -W -Werror=return-type -Werror=address -Werror=sequence-point -Wformat -Werror=format-security -Wmissing-declarations -Wmissing-prototypes -Wstrict-prototypes -Wundef -Winit-self -Wpointer-arith -Wshadow -Wsign-promo -Wno-narrowing -Wno-delete-non-virtual-dtor -Wno-unnamed-type-template-args -fdiagnostics-show-option -fno-omit-frame-pointer -msse -msse2 -msse3  -O3 -DNDEBUG   -o CMakeFiles/cmTryCompileExec1619698315.dir/CheckIncludeFile.c.o   -c /Users/arvind/Clover/OpenCV4Clover/build/CMakeFiles/CMakeTmp/CheckIncludeFile.c
Linking C executable cmTryCompileExec1619698315
/usr/local/Cellar/cmake/2.8.12.1/bin/cmake -E cmake_link_script CMakeFiles/cmTryCompileExec1619698315.dir/link.txt --verbose=1
/usr/bin/cc     -fsigned-char -W -Werror=return-type -Werror=address -Werror=sequence-point -Wformat -Werror=format-security -Wmissing-declarations -Wmissing-prototypes -Wstrict-prototypes -Wundef -Winit-self -Wpointer-arith -Wshadow -Wsign-promo -Wno-narrowing -Wno-delete-non-virtual-dtor -Wno-unnamed-type-template-args -fdiagnostics-show-option -fno-omit-frame-pointer -msse -msse2 -msse3  -O3 -DNDEBUG -Wl,-search_paths_first -Wl,-headerpad_max_install_names   CMakeFiles/cmTryCompileExec1619698315.dir/CheckIncludeFile.c.o  -o cmTryCompileExec1619698315  


Determining if the include file stdint.h exists passed with the following output:
Change Dir: /Users/arvind/Clover/OpenCV4Clover/build/CMakeFiles/CMakeTmp

Run Build Command:/usr/bin/make "cmTryCompileExec1470040295/fast"
/Applications/Xcode.app/Contents/Developer/usr/bin/make -f CMakeFiles/cmTryCompileExec1470040295.dir/build.make CMakeFiles/cmTryCompileExec1470040295.dir/build
/usr/local/Cellar/cmake/2.8.12.1/bin/cmake -E cmake_progress_report /Users/arvind/Clover/OpenCV4Clover/build/CMakeFiles/CMakeTmp/CMakeFiles 1
Building C object CMakeFiles/cmTryCompileExec1470040295.dir/CheckIncludeFile.c.o
/usr/bin/cc   -fsigned-char -W -Werror=return-type -Werror=address -Werror=sequence-point -Wformat -Werror=format-security -Wmissing-declarations -Wmissing-prototypes -Wstrict-prototypes -Wundef -Winit-self -Wpointer-arith -Wshadow -Wsign-promo -Wno-narrowing -Wno-delete-non-virtual-dtor -Wno-unnamed-type-template-args -fdiagnostics-show-option -fno-omit-frame-pointer -msse -msse2 -msse3  -O3 -DNDEBUG   -o CMakeFiles/cmTryCompileExec1470040295.dir/CheckIncludeFile.c.o   -c /Users/arvind/Clover/OpenCV4Clover/build/CMakeFiles/CMakeTmp/CheckIncludeFile.c
Linking C executable cmTryCompileExec1470040295
/usr/local/Cellar/cmake/2.8.12.1/bin/cmake -E cmake_link_script CMakeFiles/cmTryCompileExec1470040295.dir/link.txt --verbose=1
/usr/bin/cc     -fsigned-char -W -Werror=return-type -Werror=address -Werror=sequence-point -Wformat -Werror=format-security -Wmissing-declarations -Wmissing-prototypes -Wstrict-prototypes -Wundef -Winit-self -Wpointer-arith -Wshadow -Wsign-promo -Wno-narrowing -Wno-delete-non-virtual-dtor -Wno-unnamed-type-template-args -fdiagnostics-show-option -fno-omit-frame-pointer -msse -msse2 -msse3  -O3 -DNDEBUG -Wl,-search_paths_first -Wl,-headerpad_max_install_names   CMakeFiles/cmTryCompileExec1470040295.dir/CheckIncludeFile.c.o  -o cmTryCompileExec1470040295  


Determining if the include file stddef.h exists passed with the following output:
Change Dir: /Users/arvind/Clover/OpenCV4Clover/build/CMakeFiles/CMakeTmp

Run Build Command:/usr/bin/make "cmTryCompileExec1996846424/fast"
/Applications/Xcode.app/Contents/Developer/usr/bin/make -f CMakeFiles/cmTryCompileExec1996846424.dir/build.make CMakeFiles/cmTryCompileExec1996846424.dir/build
/usr/local/Cellar/cmake/2.8.12.1/bin/cmake -E cmake_progress_report /Users/arvind/Clover/OpenCV4Clover/build/CMakeFiles/CMakeTmp/CMakeFiles 1
Building C object CMakeFiles/cmTryCompileExec1996846424.dir/CheckIncludeFile.c.o
/usr/bin/cc   -fsigned-char -W -Werror=return-type -Werror=address -Werror=sequence-point -Wformat -Werror=format-security -Wmissing-declarations -Wmissing-prototypes -Wstrict-prototypes -Wundef -Winit-self -Wpointer-arith -Wshadow -Wsign-promo -Wno-narrowing -Wno-delete-non-virtual-dtor -Wno-unnamed-type-template-args -fdiagnostics-show-option -fno-omit-frame-pointer -msse -msse2 -msse3  -O3 -DNDEBUG   -o CMakeFiles/cmTryCompileExec1996846424.dir/CheckIncludeFile.c.o   -c /Users/arvind/Clover/OpenCV4Clover/build/CMakeFiles/CMakeTmp/CheckIncludeFile.c
Linking C executable cmTryCompileExec1996846424
/usr/local/Cellar/cmake/2.8.12.1/bin/cmake -E cmake_link_script CMakeFiles/cmTryCompileExec1996846424.dir/link.txt --verbose=1
/usr/bin/cc     -fsigned-char -W -Werror=return-type -Werror=address -Werror=sequence-point -Wformat -Werror=format-security -Wmissing-declarations -Wmissing-prototypes -Wstrict-prototypes -Wundef -Winit-self -Wpointer-arith -Wshadow -Wsign-promo -Wno-narrowing -Wno-delete-non-virtual-dtor -Wno-unnamed-type-template-args -fdiagnostics-show-option -fno-omit-frame-pointer -msse -msse2 -msse3  -O3 -DNDEBUG -Wl,-search_paths_first -Wl,-headerpad_max_install_names   CMakeFiles/cmTryCompileExec1996846424.dir/CheckIncludeFile.c.o  -o cmTryCompileExec1996846424  


Determining if the include file assert.h exists passed with the following output:
Change Dir: /Users/arvind/Clover/OpenCV4Clover/build/CMakeFiles/CMakeTmp

Run Build Command:/usr/bin/make "cmTryCompileExec1331851369/fast"
/Applications/Xcode.app/Contents/Developer/usr/bin/make -f CMakeFiles/cmTryCompileExec1331851369.dir/build.make CMakeFiles/cmTryCompileExec1331851369.dir/build
/usr/local/Cellar/cmake/2.8.12.1/bin/cmake -E cmake_progress_report /Users/arvind/Clover/OpenCV4Clover/build/CMakeFiles/CMakeTmp/CMakeFiles 1
Building C object CMakeFiles/cmTryCompileExec1331851369.dir/CheckIncludeFile.c.o
/usr/bin/cc   -fsigned-char -W -Werror=return-type -Werror=address -Werror=sequence-point -Wformat -Werror=format-security -Wmissing-declarations -Wmissing-prototypes -Wstrict-prototypes -Wundef -Winit-self -Wpointer-arith -Wshadow -Wsign-promo -Wno-narrowing -Wno-delete-non-virtual-dtor -Wno-unnamed-type-template-args -fdiagnostics-show-option -fno-omit-frame-pointer -msse -msse2 -msse3  -O3 -DNDEBUG   -o CMakeFiles/cmTryCompileExec1331851369.dir/CheckIncludeFile.c.o   -c /Users/arvind/Clover/OpenCV4Clover/build/CMakeFiles/CMakeTmp/CheckIncludeFile.c
Linking C executable cmTryCompileExec1331851369
/usr/local/Cellar/cmake/2.8.12.1/bin/cmake -E cmake_link_script CMakeFiles/cmTryCompileExec1331851369.dir/link.txt --verbose=1
/usr/bin/cc     -fsigned-char -W -Werror=return-type -Werror=address -Werror=sequence-point -Wformat -Werror=format-security -Wmissing-declarations -Wmissing-prototypes -Wstrict-prototypes -Wundef -Winit-self -Wpointer-arith -Wshadow -Wsign-promo -Wno-narrowing -Wno-delete-non-virtual-dtor -Wno-unnamed-type-template-args -fdiagnostics-show-option -fno-omit-frame-pointer -msse -msse2 -msse3  -O3 -DNDEBUG -Wl,-search_paths_first -Wl,-headerpad_max_install_names   CMakeFiles/cmTryCompileExec1331851369.dir/CheckIncludeFile.c.o  -o cmTryCompileExec1331851369  


Determining if the include file fcntl.h exists passed with the following output:
Change Dir: /Users/arvind/Clover/OpenCV4Clover/build/CMakeFiles/CMakeTmp

Run Build Command:/usr/bin/make "cmTryCompileExec3604580271/fast"
/Applications/Xcode.app/Contents/Developer/usr/bin/make -f CMakeFiles/cmTryCompileExec3604580271.dir/build.make CMakeFiles/cmTryCompileExec3604580271.dir/build
/usr/local/Cellar/cmake/2.8.12.1/bin/cmake -E cmake_progress_report /Users/arvind/Clover/OpenCV4Clover/build/CMakeFiles/CMakeTmp/CMakeFiles 1
Building C object CMakeFiles/cmTryCompileExec3604580271.dir/CheckIncludeFile.c.o
/usr/bin/cc   -fsigned-char -W -Werror=return-type -Werror=address -Werror=sequence-point -Wformat -Werror=format-security -Wmissing-declarations -Wmissing-prototypes -Wstrict-prototypes -Wundef -Winit-self -Wpointer-arith -Wshadow -Wsign-promo -Wno-narrowing -Wno-delete-non-virtual-dtor -Wno-unnamed-type-template-args -fdiagnostics-show-option -fno-omit-frame-pointer -msse -msse2 -msse3  -O3 -DNDEBUG   -o CMakeFiles/cmTryCompileExec3604580271.dir/CheckIncludeFile.c.o   -c /Users/arvind/Clover/OpenCV4Clover/build/CMakeFiles/CMakeTmp/CheckIncludeFile.c
Linking C executable cmTryCompileExec3604580271
/usr/local/Cellar/cmake/2.8.12.1/bin/cmake -E cmake_link_script CMakeFiles/cmTryCompileExec3604580271.dir/link.txt --verbose=1
/usr/bin/cc     -fsigned-char -W -Werror=return-type -Werror=address -Werror=sequence-point -Wformat -Werror=format-security -Wmissing-declarations -Wmissing-prototypes -Wstrict-prototypes -Wundef -Winit-self -Wpointer-arith -Wshadow -Wsign-promo -Wno-narrowing -Wno-delete-non-virtual-dtor -Wno-unnamed-type-template-args -fdiagnostics-show-option -fno-omit-frame-pointer -msse -msse2 -msse3  -O3 -DNDEBUG -Wl,-search_paths_first -Wl,-headerpad_max_install_names   CMakeFiles/cmTryCompileExec3604580271.dir/CheckIncludeFile.c.o  -o cmTryCompileExec3604580271  


Determining if the function mmap exists passed with the following output:
Change Dir: /Users/arvind/Clover/OpenCV4Clover/build/CMakeFiles/CMakeTmp

Run Build Command:/usr/bin/make "cmTryCompileExec2216925044/fast"
/Applications/Xcode.app/Contents/Developer/usr/bin/make -f CMakeFiles/cmTryCompileExec2216925044.dir/build.make CMakeFiles/cmTryCompileExec2216925044.dir/build
/usr/local/Cellar/cmake/2.8.12.1/bin/cmake -E cmake_progress_report /Users/arvind/Clover/OpenCV4Clover/build/CMakeFiles/CMakeTmp/CMakeFiles 1
Building C object CMakeFiles/cmTryCompileExec2216925044.dir/CheckFunctionExists.c.o
/usr/bin/cc   -fsigned-char -W -Werror=return-type -Werror=address -Werror=sequence-point -Wformat -Werror=format-security -Wmissing-declarations -Wmissing-prototypes -Wstrict-prototypes -Wundef -Winit-self -Wpointer-arith -Wshadow -Wsign-promo -Wno-narrowing -Wno-delete-non-virtual-dtor -Wno-unnamed-type-template-args -fdiagnostics-show-option -fno-omit-frame-pointer -msse -msse2 -msse3 -DCHECK_FUNCTION_EXISTS=mmap -O3 -DNDEBUG   -o CMakeFiles/cmTryCompileExec2216925044.dir/CheckFunctionExists.c.o   -c /usr/local/Cellar/cmake/2.8.12.1/share/cmake/Modules/CheckFunctionExists.c
Linking C executable cmTryCompileExec2216925044
/usr/local/Cellar/cmake/2.8.12.1/bin/cmake -E cmake_link_script CMakeFiles/cmTryCompileExec2216925044.dir/link.txt --verbose=1
/usr/bin/cc     -fsigned-char -W -Werror=return-type -Werror=address -Werror=sequence-point -Wformat -Werror=format-security -Wmissing-declarations -Wmissing-prototypes -Wstrict-prototypes -Wundef -Winit-self -Wpointer-arith -Wshadow -Wsign-promo -Wno-narrowing -Wno-delete-non-virtual-dtor -Wno-unnamed-type-template-args -fdiagnostics-show-option -fno-omit-frame-pointer -msse -msse2 -msse3 -DCHECK_FUNCTION_EXISTS=mmap -O3 -DNDEBUG -Wl,-search_paths_first -Wl,-headerpad_max_install_names   CMakeFiles/cmTryCompileExec2216925044.dir/CheckFunctionExists.c.o  -o cmTryCompileExec2216925044  


Determining if the include file search.h exists passed with the following output:
Change Dir: /Users/arvind/Clover/OpenCV4Clover/build/CMakeFiles/CMakeTmp

Run Build Command:/usr/bin/make "cmTryCompileExec3504613278/fast"
/Applications/Xcode.app/Contents/Developer/usr/bin/make -f CMakeFiles/cmTryCompileExec3504613278.dir/build.make CMakeFiles/cmTryCompileExec3504613278.dir/build
/usr/local/Cellar/cmake/2.8.12.1/bin/cmake -E cmake_progress_report /Users/arvind/Clover/OpenCV4Clover/build/CMakeFiles/CMakeTmp/CMakeFiles 1
Building C object CMakeFiles/cmTryCompileExec3504613278.dir/CheckIncludeFile.c.o
/usr/bin/cc   -fsigned-char -W -Werror=return-type -Werror=address -Werror=sequence-point -Wformat -Werror=format-security -Wmissing-declarations -Wmissing-prototypes -Wstrict-prototypes -Wundef -Winit-self -Wpointer-arith -Wshadow -Wsign-promo -Wno-narrowing -Wno-delete-non-virtual-dtor -Wno-unnamed-type-template-args -fdiagnostics-show-option -fno-omit-frame-pointer -msse -msse2 -msse3  -O3 -DNDEBUG   -o CMakeFiles/cmTryCompileExec3504613278.dir/CheckIncludeFile.c.o   -c /Users/arvind/Clover/OpenCV4Clover/build/CMakeFiles/CMakeTmp/CheckIncludeFile.c
Linking C executable cmTryCompileExec3504613278
/usr/local/Cellar/cmake/2.8.12.1/bin/cmake -E cmake_link_script CMakeFiles/cmTryCompileExec3504613278.dir/link.txt --verbose=1
/usr/bin/cc     -fsigned-char -W -Werror=return-type -Werror=address -Werror=sequence-point -Wformat -Werror=format-security -Wmissing-declarations -Wmissing-prototypes -Wstrict-prototypes -Wundef -Winit-self -Wpointer-arith -Wshadow -Wsign-promo -Wno-narrowing -Wno-delete-non-virtual-dtor -Wno-unnamed-type-template-args -fdiagnostics-show-option -fno-omit-frame-pointer -msse -msse2 -msse3  -O3 -DNDEBUG -Wl,-search_paths_first -Wl,-headerpad_max_install_names   CMakeFiles/cmTryCompileExec3504613278.dir/CheckIncludeFile.c.o  -o cmTryCompileExec3504613278  


Determining if the include file string.h exists passed with the following output:
Change Dir: /Users/arvind/Clover/OpenCV4Clover/build/CMakeFiles/CMakeTmp

Run Build Command:/usr/bin/make "cmTryCompileExec1015247340/fast"
/Applications/Xcode.app/Contents/Developer/usr/bin/make -f CMakeFiles/cmTryCompileExec1015247340.dir/build.make CMakeFiles/cmTryCompileExec1015247340.dir/build
/usr/local/Cellar/cmake/2.8.12.1/bin/cmake -E cmake_progress_report /Users/arvind/Clover/OpenCV4Clover/build/CMakeFiles/CMakeTmp/CMakeFiles 1
Building C object CMakeFiles/cmTryCompileExec1015247340.dir/CheckIncludeFile.c.o
/usr/bin/cc   -fsigned-char -W -Werror=return-type -Werror=address -Werror=sequence-point -Wformat -Werror=format-security -Wmissing-declarations -Wmissing-prototypes -Wstrict-prototypes -Wundef -Winit-self -Wpointer-arith -Wshadow -Wsign-promo -Wno-narrowing -Wno-delete-non-virtual-dtor -Wno-unnamed-type-template-args -fdiagnostics-show-option -fno-omit-frame-pointer -msse -msse2 -msse3  -O3 -DNDEBUG   -o CMakeFiles/cmTryCompileExec1015247340.dir/CheckIncludeFile.c.o   -c /Users/arvind/Clover/OpenCV4Clover/build/CMakeFiles/CMakeTmp/CheckIncludeFile.c
Linking C executable cmTryCompileExec1015247340
/usr/local/Cellar/cmake/2.8.12.1/bin/cmake -E cmake_link_script CMakeFiles/cmTryCompileExec1015247340.dir/link.txt --verbose=1
/usr/bin/cc     -fsigned-char -W -Werror=return-type -Werror=address -Werror=sequence-point -Wformat -Werror=format-security -Wmissing-declarations -Wmissing-prototypes -Wstrict-prototypes -Wundef -Winit-self -Wpointer-arith -Wshadow -Wsign-promo -Wno-narrowing -Wno-delete-non-virtual-dtor -Wno-unnamed-type-template-args -fdiagnostics-show-option -fno-omit-frame-pointer -msse -msse2 -msse3  -O3 -DNDEBUG -Wl,-search_paths_first -Wl,-headerpad_max_install_names   CMakeFiles/cmTryCompileExec1015247340.dir/CheckIncludeFile.c.o  -o cmTryCompileExec1015247340  


Determining if the include file unistd.h exists passed with the following output:
Change Dir: /Users/arvind/Clover/OpenCV4Clover/build/CMakeFiles/CMakeTmp

Run Build Command:/usr/bin/make "cmTryCompileExec1549222523/fast"
/Applications/Xcode.app/Contents/Developer/usr/bin/make -f CMakeFiles/cmTryCompileExec1549222523.dir/build.make CMakeFiles/cmTryCompileExec1549222523.dir/build
/usr/local/Cellar/cmake/2.8.12.1/bin/cmake -E cmake_progress_report /Users/arvind/Clover/OpenCV4Clover/build/CMakeFiles/CMakeTmp/CMakeFiles 1
Building C object CMakeFiles/cmTryCompileExec1549222523.dir/CheckIncludeFile.c.o
/usr/bin/cc   -fsigned-char -W -Werror=return-type -Werror=address -Werror=sequence-point -Wformat -Werror=format-security -Wmissing-declarations -Wmissing-prototypes -Wstrict-prototypes -Wundef -Winit-self -Wpointer-arith -Wshadow -Wsign-promo -Wno-narrowing -Wno-delete-non-virtual-dtor -Wno-unnamed-type-template-args -fdiagnostics-show-option -fno-omit-frame-pointer -msse -msse2 -msse3  -O3 -DNDEBUG   -o CMakeFiles/cmTryCompileExec1549222523.dir/CheckIncludeFile.c.o   -c /Users/arvind/Clover/OpenCV4Clover/build/CMakeFiles/CMakeTmp/CheckIncludeFile.c
Linking C executable cmTryCompileExec1549222523
/usr/local/Cellar/cmake/2.8.12.1/bin/cmake -E cmake_link_script CMakeFiles/cmTryCompileExec1549222523.dir/link.txt --verbose=1
/usr/bin/cc     -fsigned-char -W -Werror=return-type -Werror=address -Werror=sequence-point -Wformat -Werror=format-security -Wmissing-declarations -Wmissing-prototypes -Wstrict-prototypes -Wundef -Winit-self -Wpointer-arith -Wshadow -Wsign-promo -Wno-narrowing -Wno-delete-non-virtual-dtor -Wno-unnamed-type-template-args -fdiagnostics-show-option -fno-omit-frame-pointer -msse -msse2 -msse3  -O3 -DNDEBUG -Wl,-search_paths_first -Wl,-headerpad_max_install_names   CMakeFiles/cmTryCompileExec1549222523.dir/CheckIncludeFile.c.o  -o cmTryCompileExec1549222523  


Determining if the include file semaphore.h exists passed with the following output:
Change Dir: /Users/arvind/Clover/OpenCV4Clover/build/CMakeFiles/CMakeTmp

Run Build Command:/usr/bin/make "cmTryCompileExec1135287114/fast"
/Applications/Xcode.app/Contents/Developer/usr/bin/make -f CMakeFiles/cmTryCompileExec1135287114.dir/build.make CMakeFiles/cmTryCompileExec1135287114.dir/build
/usr/local/Cellar/cmake/2.8.12.1/bin/cmake -E cmake_progress_report /Users/arvind/Clover/OpenCV4Clover/build/CMakeFiles/CMakeTmp/CMakeFiles 1
Building C object CMakeFiles/cmTryCompileExec1135287114.dir/CheckIncludeFile.c.o
/usr/bin/cc   -fsigned-char -W -Werror=return-type -Werror=address -Werror=sequence-point -Wformat -Werror=format-security -Wmissing-declarations -Wmissing-prototypes -Wstrict-prototypes -Wundef -Winit-self -Wpointer-arith -Wshadow -Wsign-promo -Wno-narrowing -Wno-delete-non-virtual-dtor -Wno-unnamed-type-template-args -fdiagnostics-show-option -fno-omit-frame-pointer -msse -msse2 -msse3  -O3 -DNDEBUG   -o CMakeFiles/cmTryCompileExec1135287114.dir/CheckIncludeFile.c.o   -c /Users/arvind/Clover/OpenCV4Clover/build/CMakeFiles/CMakeTmp/CheckIncludeFile.c
Linking C executable cmTryCompileExec1135287114
/usr/local/Cellar/cmake/2.8.12.1/bin/cmake -E cmake_link_script CMakeFiles/cmTryCompileExec1135287114.dir/link.txt --verbose=1
/usr/bin/cc     -fsigned-char -W -Werror=return-type -Werror=address -Werror=sequence-point -Wformat -Werror=format-security -Wmissing-declarations -Wmissing-prototypes -Wstrict-prototypes -Wundef -Winit-self -Wpointer-arith -Wshadow -Wsign-promo -Wno-narrowing -Wno-delete-non-virtual-dtor -Wno-unnamed-type-template-args -fdiagnostics-show-option -fno-omit-frame-pointer -msse -msse2 -msse3  -O3 -DNDEBUG -Wl,-search_paths_first -Wl,-headerpad_max_install_names   CMakeFiles/cmTryCompileExec1135287114.dir/CheckIncludeFile.c.o  -o cmTryCompileExec1135287114  


